<?xml version="1.0"?>
<!DOCTYPE coverage SYSTEM "http://cobertura.sourceforge.net/xml/coverage-04.dtd">

<coverage line-rate="1.0" branch-rate="1.0" lines-covered="10" lines-valid="10" branches-covered="4" branches-valid="4" complexity="2.5" version="2.1.1" timestamp="1461822036695">
	<sources>
		<source>src</source>
	</sources>
	<packages>
		<package name="round" line-rate="1.0" branch-rate="1.0" complexity="2.5">
			<classes>
				<class name="round.Round" filename="round/Round.java" line-rate="1.0" branch-rate="1.0" complexity="2.5">
					<methods>
						<method name="&lt;init&gt;" signature="()V" line-rate="1.0" branch-rate="1.0" complexity="0">
							<lines>
								<line number="88" hits="1" branch="false"/>
							</lines>
						</method>
						<method name="round" signature="(D)J" line-rate="1.0" branch-rate="1.0" complexity="0">
							<lines>
								<line number="111" hits="3" branch="false"/>
								<line number="112" hits="3" branch="false"/>
								<line number="114" hits="3" branch="false"/>
								<line number="116" hits="3" branch="true" condition-coverage="100% (2/2)">
									<conditions>
										<condition number="0" type="jump" coverage="100%"/>
									</conditions>
								</line>
								<line number="118" hits="2" branch="false"/>
								<line number="120" hits="2" branch="true" condition-coverage="100% (2/2)">
									<conditions>
										<condition number="0" type="jump" coverage="100%"/>
									</conditions>
								</line>
								<line number="121" hits="1" branch="false"/>
								<line number="129" hits="2" branch="false"/>
								<line number="135" hits="1" branch="false"/>
							</lines>
						</method>
					</methods>
					<lines>
						<line number="88" hits="1" branch="false"/>
						<line number="111" hits="3" branch="false"/>
						<line number="112" hits="3" branch="false"/>
						<line number="114" hits="3" branch="false"/>
						<line number="116" hits="3" branch="true" condition-coverage="100% (2/2)">
							<conditions>
								<condition number="0" type="jump" coverage="100%"/>
							</conditions>
						</line>
						<line number="118" hits="2" branch="false"/>
						<line number="120" hits="2" branch="true" condition-coverage="100% (2/2)">
							<conditions>
								<condition number="0" type="jump" coverage="100%"/>
							</conditions>
						</line>
						<line number="121" hits="1" branch="false"/>
						<line number="129" hits="2" branch="false"/>
						<line number="135" hits="1" branch="false"/>
					</lines>
				</class>
			</classes>
		</package>
	</packages>
</coverage>
