<?xml version="1.0" encoding="UTF-8" ?>
<testsuites>
  <testsuite errors="0" failures="0" hostname="Pashas-Mac.local" id="0" name="EvilConstructorInaccessibilityTest" package="testSuite" skipped="0" tests="1" time="0.157" timestamp="2016-04-28T06:13:48">
      <properties>
[...]
</properties>

      <testcase classname="testSuite.EvilConstructorInaccessibilityTest" name="evilConstructorInaccessibilityTest" time="0.108" />

      <system-out><![CDATA[02:13:48,146 |-INFO in ch.qos.logback.classic.LoggerContext[default] - Could NOT find resource [logback.groovy]
02:13:48,146 |-INFO in ch.qos.logback.classic.LoggerContext[default] - Could NOT find resource [logback-test.xml]
02:13:48,146 |-INFO in ch.qos.logback.classic.LoggerContext[default] - Found resource [logback.xml] at [jar:file:/Users/Pasha/cobertura-2.1.1/cobertura-2.1.1-sources.jar!/logback.xml]
02:13:48,146 |-WARN in ch.qos.logback.classic.LoggerContext[default] - Resource [logback.xml] occurs multiple times on the classpath.
02:13:48,147 |-WARN in ch.qos.logback.classic.LoggerContext[default] - Resource [logback.xml] occurs at [jar:file:/Users/Pasha/cobertura-2.1.1/cobertura-2.1.1-sources.jar!/logback.xml]
02:13:48,147 |-WARN in ch.qos.logback.classic.LoggerContext[default] - Resource [logback.xml] occurs at [jar:file:/Users/Pasha/cobertura-2.1.1/cobertura-2.1.1.jar!/logback.xml]
02:13:48,158 |-INFO in ch.qos.logback.core.joran.spi.ConfigurationWatchList@6ea12c19 - URL [jar:file:/Users/Pasha/cobertura-2.1.1/cobertura-2.1.1-sources.jar!/logback.xml] is not of type file
02:13:48,182 |-INFO in ch.qos.logback.classic.joran.action.ConfigurationAction - debug attribute not set
02:13:48,183 |-INFO in ch.qos.logback.core.joran.action.AppenderAction - About to instantiate appender of type [ch.qos.logback.core.ConsoleAppender]
02:13:48,188 |-INFO in ch.qos.logback.core.joran.action.AppenderAction - Naming appender as [STDOUT]
02:13:48,201 |-INFO in ch.qos.logback.core.joran.action.NestedComplexPropertyIA - Assuming default type [ch.qos.logback.classic.encoder.PatternLayoutEncoder] for [encoder] property
02:13:48,225 |-INFO in ch.qos.logback.classic.joran.action.LoggerAction - Setting level of logger [net.sourceforge.cobertura] to INFO
02:13:48,225 |-INFO in ch.qos.logback.classic.joran.action.RootLoggerAction - Setting level of ROOT logger to DEBUG
02:13:48,225 |-INFO in ch.qos.logback.core.joran.action.AppenderRefAction - Attaching appender named [STDOUT] to Logger[ROOT]
02:13:48,225 |-INFO in ch.qos.logback.classic.joran.action.ConfigurationAction - End of configuration.
02:13:48,226 |-INFO in ch.qos.logback.classic.joran.JoranConfigurator@6a024a67 - Registering current configuration as safe fallback point

]]></system-out>

      <system-err><![CDATA[]]></system-err>

  </testsuite>
  <testsuite errors="0" failures="0" hostname="Pashas-Mac.local" id="1" name="MathTest" package="testSuite" skipped="0" tests="1" time="0.162" timestamp="2016-04-28T06:13:49">
      <properties>
[...]
</properties>

      <testcase classname="testSuite.MathTest" name="testMax" time="0.114" />

      <system-out><![CDATA[02:13:49,517 |-INFO in ch.qos.logback.classic.LoggerContext[default] - Could NOT find resource [logback.groovy]
02:13:49,517 |-INFO in ch.qos.logback.classic.LoggerContext[default] - Could NOT find resource [logback-test.xml]
02:13:49,517 |-INFO in ch.qos.logback.classic.LoggerContext[default] - Found resource [logback.xml] at [jar:file:/Users/Pasha/cobertura-2.1.1/cobertura-2.1.1-sources.jar!/logback.xml]
02:13:49,518 |-WARN in ch.qos.logback.classic.LoggerContext[default] - Resource [logback.xml] occurs multiple times on the classpath.
02:13:49,518 |-WARN in ch.qos.logback.classic.LoggerContext[default] - Resource [logback.xml] occurs at [jar:file:/Users/Pasha/cobertura-2.1.1/cobertura-2.1.1-sources.jar!/logback.xml]
02:13:49,518 |-WARN in ch.qos.logback.classic.LoggerContext[default] - Resource [logback.xml] occurs at [jar:file:/Users/Pasha/cobertura-2.1.1/cobertura-2.1.1.jar!/logback.xml]
02:13:49,530 |-INFO in ch.qos.logback.core.joran.spi.ConfigurationWatchList@6ea12c19 - URL [jar:file:/Users/Pasha/cobertura-2.1.1/cobertura-2.1.1-sources.jar!/logback.xml] is not of type file
02:13:49,555 |-INFO in ch.qos.logback.classic.joran.action.ConfigurationAction - debug attribute not set
02:13:49,556 |-INFO in ch.qos.logback.core.joran.action.AppenderAction - About to instantiate appender of type [ch.qos.logback.core.ConsoleAppender]
02:13:49,561 |-INFO in ch.qos.logback.core.joran.action.AppenderAction - Naming appender as [STDOUT]
02:13:49,574 |-INFO in ch.qos.logback.core.joran.action.NestedComplexPropertyIA - Assuming default type [ch.qos.logback.classic.encoder.PatternLayoutEncoder] for [encoder] property
02:13:49,598 |-INFO in ch.qos.logback.classic.joran.action.LoggerAction - Setting level of logger [net.sourceforge.cobertura] to INFO
02:13:49,598 |-INFO in ch.qos.logback.classic.joran.action.RootLoggerAction - Setting level of ROOT logger to DEBUG
02:13:49,598 |-INFO in ch.qos.logback.core.joran.action.AppenderRefAction - Attaching appender named [STDOUT] to Logger[ROOT]
02:13:49,598 |-INFO in ch.qos.logback.classic.joran.action.ConfigurationAction - End of configuration.
02:13:49,599 |-INFO in ch.qos.logback.classic.joran.JoranConfigurator@6a024a67 - Registering current configuration as safe fallback point

]]></system-out>

      <system-err><![CDATA[]]></system-err>

  </testsuite>
  <testsuite errors="0" failures="0" hostname="Pashas-Mac.local" id="2" name="MinTest" package="testSuite" skipped="0" tests="1" time="0.159" timestamp="2016-04-28T06:13:50">
      <properties>
[...]
</properties>

      <testcase classname="testSuite.MinTest" name="testMin" time="0.117" />

      <system-out><![CDATA[02:13:50,864 |-INFO in ch.qos.logback.classic.LoggerContext[default] - Could NOT find resource [logback.groovy]
02:13:50,864 |-INFO in ch.qos.logback.classic.LoggerContext[default] - Could NOT find resource [logback-test.xml]
02:13:50,864 |-INFO in ch.qos.logback.classic.LoggerContext[default] - Found resource [logback.xml] at [jar:file:/Users/Pasha/cobertura-2.1.1/cobertura-2.1.1-sources.jar!/logback.xml]
02:13:50,864 |-WARN in ch.qos.logback.classic.LoggerContext[default] - Resource [logback.xml] occurs multiple times on the classpath.
02:13:50,864 |-WARN in ch.qos.logback.classic.LoggerContext[default] - Resource [logback.xml] occurs at [jar:file:/Users/Pasha/cobertura-2.1.1/cobertura-2.1.1-sources.jar!/logback.xml]
02:13:50,864 |-WARN in ch.qos.logback.classic.LoggerContext[default] - Resource [logback.xml] occurs at [jar:file:/Users/Pasha/cobertura-2.1.1/cobertura-2.1.1.jar!/logback.xml]
02:13:50,874 |-INFO in ch.qos.logback.core.joran.spi.ConfigurationWatchList@7c30a502 - URL [jar:file:/Users/Pasha/cobertura-2.1.1/cobertura-2.1.1-sources.jar!/logback.xml] is not of type file
02:13:50,902 |-INFO in ch.qos.logback.classic.joran.action.ConfigurationAction - debug attribute not set
02:13:50,902 |-INFO in ch.qos.logback.core.joran.action.AppenderAction - About to instantiate appender of type [ch.qos.logback.core.ConsoleAppender]
02:13:50,908 |-INFO in ch.qos.logback.core.joran.action.AppenderAction - Naming appender as [STDOUT]
02:13:50,923 |-INFO in ch.qos.logback.core.joran.action.NestedComplexPropertyIA - Assuming default type [ch.qos.logback.classic.encoder.PatternLayoutEncoder] for [encoder] property
02:13:50,945 |-INFO in ch.qos.logback.classic.joran.action.LoggerAction - Setting level of logger [net.sourceforge.cobertura] to INFO
02:13:50,945 |-INFO in ch.qos.logback.classic.joran.action.RootLoggerAction - Setting level of ROOT logger to DEBUG
02:13:50,945 |-INFO in ch.qos.logback.core.joran.action.AppenderRefAction - Attaching appender named [STDOUT] to Logger[ROOT]
02:13:50,945 |-INFO in ch.qos.logback.classic.joran.action.ConfigurationAction - End of configuration.
02:13:50,946 |-INFO in ch.qos.logback.classic.joran.JoranConfigurator@49e4cb85 - Registering current configuration as safe fallback point

]]></system-out>

      <system-err><![CDATA[]]></system-err>

  </testsuite>
  <testsuite errors="0" failures="0" hostname="Pashas-Mac.local" id="3" name="NextDownTest" package="testSuite" skipped="0" tests="5" time="0.164" timestamp="2016-04-28T06:13:52">
      <properties>
[...]
</properties>

      <testcase classname="testSuite.NextDownTest" name="testNaN" time="0.118" />

      <testcase classname="testSuite.NextDownTest" name="testZero" time="0.002" />

      <testcase classname="testSuite.NextDownTest" name="testNegInfinity" time="0.0" />

      <testcase classname="testSuite.NextDownTest" name="testNegativeDouble" time="0.0" />

      <testcase classname="testSuite.NextDownTest" name="testPositiveDouble" time="0.0" />

      <system-out><![CDATA[02:13:52,208 |-INFO in ch.qos.logback.classic.LoggerContext[default] - Could NOT find resource [logback.groovy]
02:13:52,208 |-INFO in ch.qos.logback.classic.LoggerContext[default] - Could NOT find resource [logback-test.xml]
02:13:52,208 |-INFO in ch.qos.logback.classic.LoggerContext[default] - Found resource [logback.xml] at [jar:file:/Users/Pasha/cobertura-2.1.1/cobertura-2.1.1-sources.jar!/logback.xml]
02:13:52,208 |-WARN in ch.qos.logback.classic.LoggerContext[default] - Resource [logback.xml] occurs multiple times on the classpath.
02:13:52,208 |-WARN in ch.qos.logback.classic.LoggerContext[default] - Resource [logback.xml] occurs at [jar:file:/Users/Pasha/cobertura-2.1.1/cobertura-2.1.1-sources.jar!/logback.xml]
02:13:52,208 |-WARN in ch.qos.logback.classic.LoggerContext[default] - Resource [logback.xml] occurs at [jar:file:/Users/Pasha/cobertura-2.1.1/cobertura-2.1.1.jar!/logback.xml]
02:13:52,219 |-INFO in ch.qos.logback.core.joran.spi.ConfigurationWatchList@7c30a502 - URL [jar:file:/Users/Pasha/cobertura-2.1.1/cobertura-2.1.1-sources.jar!/logback.xml] is not of type file
02:13:52,245 |-INFO in ch.qos.logback.classic.joran.action.ConfigurationAction - debug attribute not set
02:13:52,246 |-INFO in ch.qos.logback.core.joran.action.AppenderAction - About to instantiate appender of type [ch.qos.logback.core.ConsoleAppender]
02:13:52,252 |-INFO in ch.qos.logback.core.joran.action.AppenderAction - Naming appender as [STDOUT]
02:13:52,269 |-INFO in ch.qos.logback.core.joran.action.NestedComplexPropertyIA - Assuming default type [ch.qos.logback.classic.encoder.PatternLayoutEncoder] for [encoder] property
02:13:52,290 |-INFO in ch.qos.logback.classic.joran.action.LoggerAction - Setting level of logger [net.sourceforge.cobertura] to INFO
02:13:52,290 |-INFO in ch.qos.logback.classic.joran.action.RootLoggerAction - Setting level of ROOT logger to DEBUG
02:13:52,290 |-INFO in ch.qos.logback.core.joran.action.AppenderRefAction - Attaching appender named [STDOUT] to Logger[ROOT]
02:13:52,290 |-INFO in ch.qos.logback.classic.joran.action.ConfigurationAction - End of configuration.
02:13:52,291 |-INFO in ch.qos.logback.classic.joran.JoranConfigurator@49e4cb85 - Registering current configuration as safe fallback point

]]></system-out>

      <system-err><![CDATA[]]></system-err>

  </testsuite>
  <testsuite errors="0" failures="0" hostname="Pashas-Mac.local" id="4" name="NextUpTest" package="testSuite" skipped="0" tests="4" time="0.172" timestamp="2016-04-28T06:13:53">
      <properties>
[...]
</properties>

      <testcase classname="testSuite.NextUpTest" name="testPosInfinity" time="0.118" />

      <testcase classname="testSuite.NextUpTest" name="testNaN" time="0.0" />

      <testcase classname="testSuite.NextUpTest" name="testNegNumber" time="0.0" />

      <testcase classname="testSuite.NextUpTest" name="testPosNumber" time="0.0" />

      <system-out><![CDATA[02:13:53,589 |-INFO in ch.qos.logback.classic.LoggerContext[default] - Could NOT find resource [logback.groovy]
02:13:53,590 |-INFO in ch.qos.logback.classic.LoggerContext[default] - Could NOT find resource [logback-test.xml]
02:13:53,590 |-INFO in ch.qos.logback.classic.LoggerContext[default] - Found resource [logback.xml] at [jar:file:/Users/Pasha/cobertura-2.1.1/cobertura-2.1.1-sources.jar!/logback.xml]
02:13:53,590 |-WARN in ch.qos.logback.classic.LoggerContext[default] - Resource [logback.xml] occurs multiple times on the classpath.
02:13:53,590 |-WARN in ch.qos.logback.classic.LoggerContext[default] - Resource [logback.xml] occurs at [jar:file:/Users/Pasha/cobertura-2.1.1/cobertura-2.1.1-sources.jar!/logback.xml]
02:13:53,590 |-WARN in ch.qos.logback.classic.LoggerContext[default] - Resource [logback.xml] occurs at [jar:file:/Users/Pasha/cobertura-2.1.1/cobertura-2.1.1.jar!/logback.xml]
02:13:53,604 |-INFO in ch.qos.logback.core.joran.spi.ConfigurationWatchList@6ea12c19 - URL [jar:file:/Users/Pasha/cobertura-2.1.1/cobertura-2.1.1-sources.jar!/logback.xml] is not of type file
02:13:53,631 |-INFO in ch.qos.logback.classic.joran.action.ConfigurationAction - debug attribute not set
02:13:53,632 |-INFO in ch.qos.logback.core.joran.action.AppenderAction - About to instantiate appender of type [ch.qos.logback.core.ConsoleAppender]
02:13:53,637 |-INFO in ch.qos.logback.core.joran.action.AppenderAction - Naming appender as [STDOUT]
02:13:53,651 |-INFO in ch.qos.logback.core.joran.action.NestedComplexPropertyIA - Assuming default type [ch.qos.logback.classic.encoder.PatternLayoutEncoder] for [encoder] property
02:13:53,675 |-INFO in ch.qos.logback.classic.joran.action.LoggerAction - Setting level of logger [net.sourceforge.cobertura] to INFO
02:13:53,675 |-INFO in ch.qos.logback.classic.joran.action.RootLoggerAction - Setting level of ROOT logger to DEBUG
02:13:53,675 |-INFO in ch.qos.logback.core.joran.action.AppenderRefAction - Attaching appender named [STDOUT] to Logger[ROOT]
02:13:53,675 |-INFO in ch.qos.logback.classic.joran.action.ConfigurationAction - End of configuration.
02:13:53,676 |-INFO in ch.qos.logback.classic.joran.JoranConfigurator@6a024a67 - Registering current configuration as safe fallback point

]]></system-out>

      <system-err><![CDATA[]]></system-err>

  </testsuite>
  <testsuite errors="0" failures="0" hostname="Pashas-Mac.local" id="5" name="RoundTest" package="testSuite" skipped="0" tests="3" time="0.165" timestamp="2016-04-28T06:13:54">
      <properties>
[...]
</properties>

      <testcase classname="testSuite.RoundTest" name="testPosInfinity" time="0.115" />

      <testcase classname="testSuite.RoundTest" name="testNegNumber" time="0.0" />

      <testcase classname="testSuite.RoundTest" name="testPosNumber" time="0.001" />

      <system-out><![CDATA[02:13:54,963 |-INFO in ch.qos.logback.classic.LoggerContext[default] - Could NOT find resource [logback.groovy]
02:13:54,963 |-INFO in ch.qos.logback.classic.LoggerContext[default] - Could NOT find resource [logback-test.xml]
02:13:54,963 |-INFO in ch.qos.logback.classic.LoggerContext[default] - Found resource [logback.xml] at [jar:file:/Users/Pasha/cobertura-2.1.1/cobertura-2.1.1-sources.jar!/logback.xml]
02:13:54,963 |-WARN in ch.qos.logback.classic.LoggerContext[default] - Resource [logback.xml] occurs multiple times on the classpath.
02:13:54,963 |-WARN in ch.qos.logback.classic.LoggerContext[default] - Resource [logback.xml] occurs at [jar:file:/Users/Pasha/cobertura-2.1.1/cobertura-2.1.1-sources.jar!/logback.xml]
02:13:54,963 |-WARN in ch.qos.logback.classic.LoggerContext[default] - Resource [logback.xml] occurs at [jar:file:/Users/Pasha/cobertura-2.1.1/cobertura-2.1.1.jar!/logback.xml]
02:13:54,973 |-INFO in ch.qos.logback.core.joran.spi.ConfigurationWatchList@6ea12c19 - URL [jar:file:/Users/Pasha/cobertura-2.1.1/cobertura-2.1.1-sources.jar!/logback.xml] is not of type file
02:13:55,000 |-INFO in ch.qos.logback.classic.joran.action.ConfigurationAction - debug attribute not set
02:13:55,001 |-INFO in ch.qos.logback.core.joran.action.AppenderAction - About to instantiate appender of type [ch.qos.logback.core.ConsoleAppender]
02:13:55,007 |-INFO in ch.qos.logback.core.joran.action.AppenderAction - Naming appender as [STDOUT]
02:13:55,020 |-INFO in ch.qos.logback.core.joran.action.NestedComplexPropertyIA - Assuming default type [ch.qos.logback.classic.encoder.PatternLayoutEncoder] for [encoder] property
02:13:55,045 |-INFO in ch.qos.logback.classic.joran.action.LoggerAction - Setting level of logger [net.sourceforge.cobertura] to INFO
02:13:55,046 |-INFO in ch.qos.logback.classic.joran.action.RootLoggerAction - Setting level of ROOT logger to DEBUG
02:13:55,046 |-INFO in ch.qos.logback.core.joran.action.AppenderRefAction - Attaching appender named [STDOUT] to Logger[ROOT]
02:13:55,046 |-INFO in ch.qos.logback.classic.joran.action.ConfigurationAction - End of configuration.
02:13:55,047 |-INFO in ch.qos.logback.classic.joran.JoranConfigurator@6a024a67 - Registering current configuration as safe fallback point

]]></system-out>

      <system-err><![CDATA[]]></system-err>

  </testsuite>
</testsuites>
