<?xml version="1.0" encoding="UTF-8" ?>
<testsuite errors="0" failures="0" hostname="Pashas-Mac.local" name="testSuite.NextUpTest" skipped="0" tests="4" time="0.172" timestamp="2016-04-28T06:13:53">
  <properties>
[...]
</properties>
  <testcase classname="testSuite.NextUpTest" name="testPosInfinity" time="0.118" />
  <testcase classname="testSuite.NextUpTest" name="testNaN" time="0.0" />
  <testcase classname="testSuite.NextUpTest" name="testNegNumber" time="0.0" />
  <testcase classname="testSuite.NextUpTest" name="testPosNumber" time="0.0" />
  <system-out><![CDATA[02:13:53,589 |-INFO in ch.qos.logback.classic.LoggerContext[default] - Could NOT find resource [logback.groovy]
02:13:53,590 |-INFO in ch.qos.logback.classic.LoggerContext[default] - Could NOT find resource [logback-test.xml]
02:13:53,590 |-INFO in ch.qos.logback.classic.LoggerContext[default] - Found resource [logback.xml] at [jar:file:/Users/Pasha/cobertura-2.1.1/cobertura-2.1.1-sources.jar!/logback.xml]
02:13:53,590 |-WARN in ch.qos.logback.classic.LoggerContext[default] - Resource [logback.xml] occurs multiple times on the classpath.
02:13:53,590 |-WARN in ch.qos.logback.classic.LoggerContext[default] - Resource [logback.xml] occurs at [jar:file:/Users/Pasha/cobertura-2.1.1/cobertura-2.1.1-sources.jar!/logback.xml]
02:13:53,590 |-WARN in ch.qos.logback.classic.LoggerContext[default] - Resource [logback.xml] occurs at [jar:file:/Users/Pasha/cobertura-2.1.1/cobertura-2.1.1.jar!/logback.xml]
02:13:53,604 |-INFO in ch.qos.logback.core.joran.spi.ConfigurationWatchList@6ea12c19 - URL [jar:file:/Users/Pasha/cobertura-2.1.1/cobertura-2.1.1-sources.jar!/logback.xml] is not of type file
02:13:53,631 |-INFO in ch.qos.logback.classic.joran.action.ConfigurationAction - debug attribute not set
02:13:53,632 |-INFO in ch.qos.logback.core.joran.action.AppenderAction - About to instantiate appender of type [ch.qos.logback.core.ConsoleAppender]
02:13:53,637 |-INFO in ch.qos.logback.core.joran.action.AppenderAction - Naming appender as [STDOUT]
02:13:53,651 |-INFO in ch.qos.logback.core.joran.action.NestedComplexPropertyIA - Assuming default type [ch.qos.logback.classic.encoder.PatternLayoutEncoder] for [encoder] property
02:13:53,675 |-INFO in ch.qos.logback.classic.joran.action.LoggerAction - Setting level of logger [net.sourceforge.cobertura] to INFO
02:13:53,675 |-INFO in ch.qos.logback.classic.joran.action.RootLoggerAction - Setting level of ROOT logger to DEBUG
02:13:53,675 |-INFO in ch.qos.logback.core.joran.action.AppenderRefAction - Attaching appender named [STDOUT] to Logger[ROOT]
02:13:53,675 |-INFO in ch.qos.logback.classic.joran.action.ConfigurationAction - End of configuration.
02:13:53,676 |-INFO in ch.qos.logback.classic.joran.JoranConfigurator@6a024a67 - Registering current configuration as safe fallback point

]]></system-out>
  <system-err><![CDATA[]]></system-err>
</testsuite>
