<?xml version="1.0" encoding="UTF-8" ?>
<testsuite errors="0" failures="0" hostname="SCHS-CMP010" name="com.example.simple.SimpleTest" skipped="0" tests="5" time="0.083" timestamp="2016-04-27T18:11:01">
  <properties>
[...]
</properties>
  <testcase classname="com.example.simple.SimpleTest" name="testNaN" time="0.001" />
  <testcase classname="com.example.simple.SimpleTest" name="testZero" time="0.003" />
  <testcase classname="com.example.simple.SimpleTest" name="testNegInfinity" time="0.0" />
  <testcase classname="com.example.simple.SimpleTest" name="testNegativeDouble" time="0.0" />
  <testcase classname="com.example.simple.SimpleTest" name="testPositiveDouble" time="0.0" />
  <system-out><![CDATA[14:11:01,230 |-INFO in ch.qos.logback.classic.LoggerContext[default] - Could NOT find resource [logback.groovy]
14:11:01,230 |-INFO in ch.qos.logback.classic.LoggerContext[default] - Could NOT find resource [logback-test.xml]
14:11:01,231 |-INFO in ch.qos.logback.classic.LoggerContext[default] - Found resource [logback.xml] at [jar:file:/C:/Users/SCHS/Desktop/cobertura-2.1.1/cobertura-2.1.1-sources.jar!/logback.xml]
14:11:01,232 |-WARN in ch.qos.logback.classic.LoggerContext[default] - Resource [logback.xml] occurs multiple times on the classpath.
14:11:01,232 |-WARN in ch.qos.logback.classic.LoggerContext[default] - Resource [logback.xml] occurs at [jar:file:/C:/Users/SCHS/Desktop/cobertura-2.1.1/cobertura-2.1.1.jar!/logback.xml]
14:11:01,232 |-WARN in ch.qos.logback.classic.LoggerContext[default] - Resource [logback.xml] occurs at [jar:file:/C:/Users/SCHS/Desktop/cobertura-2.1.1/cobertura-2.1.1-sources.jar!/logback.xml]
14:11:01,268 |-INFO in ch.qos.logback.core.joran.spi.ConfigurationWatchList@2ff4f00f - URL [jar:file:/C:/Users/SCHS/Desktop/cobertura-2.1.1/cobertura-2.1.1-sources.jar!/logback.xml] is not of type file
14:11:01,365 |-INFO in ch.qos.logback.classic.joran.action.ConfigurationAction - debug attribute not set
14:11:01,383 |-INFO in ch.qos.logback.core.joran.action.AppenderAction - About to instantiate appender of type [ch.qos.logback.core.ConsoleAppender]
14:11:01,401 |-INFO in ch.qos.logback.core.joran.action.AppenderAction - Naming appender as [STDOUT]
14:11:01,438 |-INFO in ch.qos.logback.core.joran.action.NestedComplexPropertyIA - Assuming default type [ch.qos.logback.classic.encoder.PatternLayoutEncoder] for [encoder] property
14:11:01,521 |-INFO in ch.qos.logback.classic.joran.action.LoggerAction - Setting level of logger [net.sourceforge.cobertura] to INFO
14:11:01,521 |-INFO in ch.qos.logback.classic.joran.action.RootLoggerAction - Setting level of ROOT logger to DEBUG
14:11:01,521 |-INFO in ch.qos.logback.core.joran.action.AppenderRefAction - Attaching appender named [STDOUT] to Logger[ROOT]
14:11:01,522 |-INFO in ch.qos.logback.classic.joran.action.ConfigurationAction - End of configuration.
14:11:01,525 |-INFO in ch.qos.logback.classic.joran.JoranConfigurator@c818063 - Registering current configuration as safe fallback point

]]></system-out>
  <system-err><![CDATA[]]></system-err>
</testsuite>
