<?xml version="1.0" encoding="UTF-8" ?>
<testsuites>
  <testsuite errors="0" failures="0" hostname="Pashas-Mac.local" id="0" name="MinTest" package="min" skipped="0" tests="1" time="0.165" timestamp="2016-04-28T03:25:12">
      <properties>
[...]
</properties>

      <testcase classname="min.MinTest" name="testMin" time="0.119" />

      <system-out><![CDATA[23:25:12,933 |-INFO in ch.qos.logback.classic.LoggerContext[default] - Could NOT find resource [logback.groovy]
23:25:12,933 |-INFO in ch.qos.logback.classic.LoggerContext[default] - Could NOT find resource [logback-test.xml]
23:25:12,933 |-INFO in ch.qos.logback.classic.LoggerContext[default] - Found resource [logback.xml] at [jar:file:/Users/Pasha/cobertura-2.1.1/cobertura-2.1.1-sources.jar!/logback.xml]
23:25:12,933 |-WARN in ch.qos.logback.classic.LoggerContext[default] - Resource [logback.xml] occurs multiple times on the classpath.
23:25:12,933 |-WARN in ch.qos.logback.classic.LoggerContext[default] - Resource [logback.xml] occurs at [jar:file:/Users/Pasha/cobertura-2.1.1/cobertura-2.1.1-sources.jar!/logback.xml]
23:25:12,933 |-WARN in ch.qos.logback.classic.LoggerContext[default] - Resource [logback.xml] occurs at [jar:file:/Users/Pasha/cobertura-2.1.1/cobertura-2.1.1.jar!/logback.xml]
23:25:12,943 |-INFO in ch.qos.logback.core.joran.spi.ConfigurationWatchList@7c30a502 - URL [jar:file:/Users/Pasha/cobertura-2.1.1/cobertura-2.1.1-sources.jar!/logback.xml] is not of type file
23:25:12,970 |-INFO in ch.qos.logback.classic.joran.action.ConfigurationAction - debug attribute not set
23:25:12,971 |-INFO in ch.qos.logback.core.joran.action.AppenderAction - About to instantiate appender of type [ch.qos.logback.core.ConsoleAppender]
23:25:12,977 |-INFO in ch.qos.logback.core.joran.action.AppenderAction - Naming appender as [STDOUT]
23:25:12,994 |-INFO in ch.qos.logback.core.joran.action.NestedComplexPropertyIA - Assuming default type [ch.qos.logback.classic.encoder.PatternLayoutEncoder] for [encoder] property
23:25:13,016 |-INFO in ch.qos.logback.classic.joran.action.LoggerAction - Setting level of logger [net.sourceforge.cobertura] to INFO
23:25:13,016 |-INFO in ch.qos.logback.classic.joran.action.RootLoggerAction - Setting level of ROOT logger to DEBUG
23:25:13,016 |-INFO in ch.qos.logback.core.joran.action.AppenderRefAction - Attaching appender named [STDOUT] to Logger[ROOT]
23:25:13,017 |-INFO in ch.qos.logback.classic.joran.action.ConfigurationAction - End of configuration.
23:25:13,018 |-INFO in ch.qos.logback.classic.joran.JoranConfigurator@49e4cb85 - Registering current configuration as safe fallback point

]]></system-out>

      <system-err><![CDATA[]]></system-err>

  </testsuite>
</testsuites>
